<?xml version="1.0" encoding="UTF-8"?>
<!-- Generated by org.testng.reporters.JUnitReportReporter -->
<testsuite hostname="Akshays-MacBook-Air.local" failures="0" tests="1" name="com.testscripts.DynamicTable" time="35.789" errors="0" timestamp="2023-09-17T17:12:22 IST" skipped="0">
  <testcase classname="com.testscripts.DynamicTable" name="practiseMultipleMethodsinSelenium" time="35.789"/>
</testsuite> <!-- com.testscripts.DynamicTable -->
