<?xml version="1.0" encoding="UTF-8"?>
<!-- Generated by org.testng.reporters.JUnitReportReporter -->
<testsuite hostname="Akshays-MacBook-Air.local" failures="0" tests="1" name="com.testscripts.ReadTextfromImage" time="11.728" errors="0" timestamp="2023-10-06T15:42:49 IST" skipped="0">
  <testcase classname="com.testscripts.ReadTextfromImage" name="ReadImages" time="11.728"/>
</testsuite> <!-- com.testscripts.ReadTextfromImage -->
