<?xml version="1.0" encoding="UTF-8"?>
<!-- Generated by org.testng.reporters.JUnitReportReporter -->
<testsuite hostname="Akshays-MacBook-Air.local" failures="0" tests="1" name="com.testscripts.Test_HomePage" time="117.525" errors="0" timestamp="2023-10-03T21:08:13 IST" skipped="0">
  <testcase classname="com.testscripts.Test_HomePage" name="Tc_01" time="117.525"/>
</testsuite> <!-- com.testscripts.Test_HomePage -->
