<?xml version="1.0" encoding="UTF-8"?>
<!-- Generated by org.testng.reporters.JUnitReportReporter -->
<testsuite hostname="Akshays-MacBook-Air.local" failures="0" tests="1" name="com.testscripts.Runner" time="10.922" errors="0" timestamp="2023-09-17T23:11:47 IST" skipped="0">
  <testcase classname="com.testscripts.Runner" name="practiseMultipleMethodsinSelenium" time="10.922"/>
</testsuite> <!-- com.testscripts.Runner -->
