<?xml version="1.0" encoding="UTF-8"?>
<!-- Generated by org.testng.reporters.JUnitReportReporter -->
<testsuite hostname="Akshays-MacBook-Air.local" failures="0" tests="1" name="com.testscripts.StaleElemenetException" time="21.023" errors="0" timestamp="2023-09-26T01:10:09 IST" skipped="0">
  <testcase classname="com.testscripts.StaleElemenetException" name="practiseMultipleMethodsinSelenium" time="21.023"/>
</testsuite> <!-- com.testscripts.StaleElemenetException -->
