<?xml version="1.0" encoding="UTF-8"?>
<!-- Generated by org.testng.reporters.JUnitReportReporter -->
<testsuite hostname="Akshays-MacBook-Air.local" failures="0" tests="1" name="com.testscripts.HomePage" time="5.138" errors="0" timestamp="2023-09-20T01:25:36 IST" skipped="0">
  <testcase classname="com.testscripts.HomePage" name="Tc_01" time="5.138"/>
</testsuite> <!-- com.testscripts.HomePage -->
