<?xml version="1.0" encoding="UTF-8"?>
<!-- Generated by org.testng.reporters.JUnitReportReporter -->
<testsuite hostname="Akshays-MacBook-Air.local" failures="0" tests="1" name="com.testscripts.DynamicTable" time="15.764" errors="0" timestamp="2023-10-03T19:48:09 IST" skipped="0">
  <testcase classname="com.testscripts.DynamicTable" name="practiseMultipleMethodsinSelenium" time="15.764"/>
</testsuite> <!-- com.testscripts.DynamicTable -->
