<?xml version="1.0" encoding="UTF-8"?>
<!-- Generated by org.testng.reporters.JUnitReportReporter -->
<testsuite hostname="Akshays-MacBook-Air.local" failures="0" tests="1" name="com.testscripts.WebTableDynamic" time="12.185" errors="0" timestamp="2023-09-17T16:57:56 IST" skipped="0">
  <testcase classname="com.testscripts.WebTableDynamic" name="practiseWebTable" time="12.185"/>
</testsuite> <!-- com.testscripts.WebTableDynamic -->
