<?xml version="1.0" encoding="UTF-8"?>
<!-- Generated by org.testng.reporters.JUnitReportReporter -->
<testsuite hostname="Akshays-MacBook-Air.local" failures="0" tests="1" name="com.testscripts.StaleElemenetException" time="134.783" errors="0" timestamp="2023-10-03T21:08:13 IST" skipped="0">
  <testcase classname="com.testscripts.StaleElemenetException" name="practiseMultipleMethodsinSelenium" time="134.783"/>
</testsuite> <!-- com.testscripts.StaleElemenetException -->
