<?xml version="1.0" encoding="UTF-8"?>
<!-- Generated by org.testng.reporters.JUnitReportReporter -->
<testsuite hostname="Akshays-MacBook-Air.local" failures="0" tests="1" name="com.testscripts.GetNavigate" time="16.197" errors="0" timestamp="2023-09-26T01:47:13 IST" skipped="0">
  <testcase classname="com.testscripts.GetNavigate" name="practiseMultipleMethodsinSelenium" time="16.197"/>
</testsuite> <!-- com.testscripts.GetNavigate -->
