<?xml version="1.0" encoding="UTF-8"?>
<!-- Generated by org.testng.reporters.JUnitReportReporter -->
<testsuite hostname="Akshays-MacBook-Air.local" failures="0" tests="1" name="com.testscripts.HandlingSSLCertificates" time="7.844" errors="0" timestamp="2023-10-05T20:34:22 IST" skipped="0">
  <testcase classname="com.testscripts.HandlingSSLCertificates" name="practiseMultipleMethodsinSelenium" time="7.844"/>
</testsuite> <!-- com.testscripts.HandlingSSLCertificates -->
